[Logging:]2017-06-12 20:34:53
Parsing rubybot core routines
[Logging:]2017-06-12 20:34:53
Parsed Code
[Logging:]2017-06-12 20:34:53
Running client
Initializing rubybot listeners
Logged in as
rubybot
243273068129157120
------
general_chat
------
Creating event loops
Defining localization enumerations
Only frogs now
Fully loaded.
[Logging:]2017-06-12 20:34:58
0 -> 161751088394
0 -> 161751088394
[Logging:]2017-06-12 20:34:58
0 -> 161732823980
0 -> 161732823980
[LWU Discord]	[rubybot_beta_channel] Giovan: !error
[LWU Discord]	[rubybot_beta_channel] Giovan: !error
[LWU Discord]	[rubybot_beta_channel] Giovan: hi
[Logging:]2017-06-12 20:35:35
Successful completion?
[Logging:]2017-06-12 20:35:35
Running client
[Logging:]2017-06-12 20:35:35
Major fault - Runtime error
Traceback (most recent call last):
  File "rubybot_2.py", line 811, in <module>
    client.run(token)
  File "/usr/local/lib/python3.4/dist-packages/discord/client.py", line 519, in run
    self.loop.run_until_complete(self.start(*args, **kwargs))
  File "/usr/lib/python3.4/asyncio/base_events.py", line 261, in run_until_complete
    self._check_closed()
  File "/usr/lib/python3.4/asyncio/base_events.py", line 233, in _check_closed
    raise RuntimeError('Event loop is closed')
RuntimeError: Event loop is closed
